<?xml version="1.0" encoding="UTF-8"?>
<testsuite xmlns:xsi="http://www.w3.org/2001/XMLSchema-instance" xsi:noNamespaceSchemaLocation="https://maven.apache.org/surefire/maven-surefire-plugin/xsd/surefire-test-report.xsd" name="com.ex.ers.tests.RequestHistoryDAOTests" time="0.087" tests="12" errors="12" skipped="0" failures="0">
  <properties>
[...]
</properties>
  <testcase name="shouldUpdateHistory" classname="com.ex.ers.tests.RequestHistoryDAOTests" time="0.006">
    <error message="Unable to make JDBC Connection []" type="org.hibernate.HibernateException">org.hibernate.HibernateException: Unable to make JDBC Connection []
	at com.ex.ers.tests.RequestHistoryDAOTests.setup(RequestHistoryDAOTests.java:22)
</error>
    <system-err><![CDATA[Dec 28, 2020 6:46:20 PM org.hibernate.cfg.Configuration configure
INFO: HHH000043: Configuring from resource: /hibernate.cfg.xml
Dec 28, 2020 6:46:20 PM org.hibernate.cfg.Configuration getConfigurationInputStream
INFO: HHH000040: Configuration resource: /hibernate.cfg.xml
Dec 28, 2020 6:46:20 PM org.hibernate.cfg.Configuration doConfigure
INFO: HHH000041: Configured SessionFactory: null
Dec 28, 2020 6:46:20 PM org.hibernate.engine.jdbc.connections.internal.DriverManagerConnectionProviderImpl configure
WARN: HHH000402: Using Hibernate built-in connection pool (not for production use!)
Dec 28, 2020 6:46:20 PM org.hibernate.engine.jdbc.connections.internal.DriverManagerConnectionProviderImpl buildCreator
INFO: HHH000401: using driver [org.postgresql.Driver] at URL []
Dec 28, 2020 6:46:20 PM org.hibernate.engine.jdbc.connections.internal.DriverManagerConnectionProviderImpl buildCreator
INFO: HHH000046: Connection properties: {user=, password=****}
Dec 28, 2020 6:46:20 PM org.hibernate.engine.jdbc.connections.internal.DriverManagerConnectionProviderImpl buildCreator
INFO: HHH000006: Autocommit mode: false
Dec 28, 2020 6:46:20 PM org.hibernate.engine.jdbc.connections.internal.DriverManagerConnectionProviderImpl configure
INFO: HHH000115: Hibernate connection pool size: 20 (min=1)
Dec 28, 2020 6:46:20 PM org.hibernate.cfg.Configuration configure
INFO: HHH000043: Configuring from resource: /hibernate.cfg.xml
Dec 28, 2020 6:46:20 PM org.hibernate.cfg.Configuration getConfigurationInputStream
INFO: HHH000040: Configuration resource: /hibernate.cfg.xml
Dec 28, 2020 6:46:20 PM org.hibernate.cfg.Configuration doConfigure
INFO: HHH000041: Configured SessionFactory: null
Dec 28, 2020 6:46:20 PM org.hibernate.engine.jdbc.connections.internal.DriverManagerConnectionProviderImpl configure
WARN: HHH000402: Using Hibernate built-in connection pool (not for production use!)
Dec 28, 2020 6:46:20 PM org.hibernate.engine.jdbc.connections.internal.DriverManagerConnectionProviderImpl buildCreator
INFO: HHH000401: using driver [org.postgresql.Driver] at URL []
Dec 28, 2020 6:46:20 PM org.hibernate.engine.jdbc.connections.internal.DriverManagerConnectionProviderImpl buildCreator
INFO: HHH000046: Connection properties: {user=, password=****}
Dec 28, 2020 6:46:20 PM org.hibernate.engine.jdbc.connections.internal.DriverManagerConnectionProviderImpl buildCreator
INFO: HHH000006: Autocommit mode: false
Dec 28, 2020 6:46:20 PM org.hibernate.engine.jdbc.connections.internal.DriverManagerConnectionProviderImpl configure
INFO: HHH000115: Hibernate connection pool size: 20 (min=1)
]]></system-err>
  </testcase>
  <testcase name="shouldUpdateHistory" classname="com.ex.ers.tests.RequestHistoryDAOTests" time="0.006">
    <error message="Unable to make JDBC Connection []" type="org.hibernate.HibernateException">org.hibernate.HibernateException: Unable to make JDBC Connection []
	at com.ex.ers.tests.RequestHistoryDAOTests.tearDown(RequestHistoryDAOTests.java:45)
</error>
  </testcase>
  <testcase name="shouldDelete" classname="com.ex.ers.tests.RequestHistoryDAOTests" time="0.016">
    <error message="Unable to make JDBC Connection []" type="org.hibernate.HibernateException">org.hibernate.HibernateException: Unable to make JDBC Connection []
	at com.ex.ers.tests.RequestHistoryDAOTests.setup(RequestHistoryDAOTests.java:22)
</error>
    <system-err><![CDATA[Dec 28, 2020 6:46:20 PM org.hibernate.cfg.Configuration configure
INFO: HHH000043: Configuring from resource: /hibernate.cfg.xml
Dec 28, 2020 6:46:20 PM org.hibernate.cfg.Configuration getConfigurationInputStream
INFO: HHH000040: Configuration resource: /hibernate.cfg.xml
Dec 28, 2020 6:46:20 PM org.hibernate.cfg.Configuration doConfigure
INFO: HHH000041: Configured SessionFactory: null
Dec 28, 2020 6:46:20 PM org.hibernate.engine.jdbc.connections.internal.DriverManagerConnectionProviderImpl configure
WARN: HHH000402: Using Hibernate built-in connection pool (not for production use!)
Dec 28, 2020 6:46:20 PM org.hibernate.engine.jdbc.connections.internal.DriverManagerConnectionProviderImpl buildCreator
INFO: HHH000401: using driver [org.postgresql.Driver] at URL []
Dec 28, 2020 6:46:20 PM org.hibernate.engine.jdbc.connections.internal.DriverManagerConnectionProviderImpl buildCreator
INFO: HHH000046: Connection properties: {user=, password=****}
Dec 28, 2020 6:46:20 PM org.hibernate.engine.jdbc.connections.internal.DriverManagerConnectionProviderImpl buildCreator
INFO: HHH000006: Autocommit mode: false
Dec 28, 2020 6:46:20 PM org.hibernate.engine.jdbc.connections.internal.DriverManagerConnectionProviderImpl configure
INFO: HHH000115: Hibernate connection pool size: 20 (min=1)
Dec 28, 2020 6:46:20 PM org.hibernate.cfg.Configuration configure
INFO: HHH000043: Configuring from resource: /hibernate.cfg.xml
Dec 28, 2020 6:46:20 PM org.hibernate.cfg.Configuration getConfigurationInputStream
INFO: HHH000040: Configuration resource: /hibernate.cfg.xml
Dec 28, 2020 6:46:20 PM org.hibernate.cfg.Configuration doConfigure
INFO: HHH000041: Configured SessionFactory: null
Dec 28, 2020 6:46:20 PM org.hibernate.engine.jdbc.connections.internal.DriverManagerConnectionProviderImpl configure
WARN: HHH000402: Using Hibernate built-in connection pool (not for production use!)
Dec 28, 2020 6:46:20 PM org.hibernate.engine.jdbc.connections.internal.DriverManagerConnectionProviderImpl buildCreator
INFO: HHH000401: using driver [org.postgresql.Driver] at URL []
Dec 28, 2020 6:46:20 PM org.hibernate.engine.jdbc.connections.internal.DriverManagerConnectionProviderImpl buildCreator
INFO: HHH000046: Connection properties: {user=, password=****}
Dec 28, 2020 6:46:20 PM org.hibernate.engine.jdbc.connections.internal.DriverManagerConnectionProviderImpl buildCreator
INFO: HHH000006: Autocommit mode: false
Dec 28, 2020 6:46:20 PM org.hibernate.engine.jdbc.connections.internal.DriverManagerConnectionProviderImpl configure
INFO: HHH000115: Hibernate connection pool size: 20 (min=1)
]]></system-err>
  </testcase>
  <testcase name="shouldDelete" classname="com.ex.ers.tests.RequestHistoryDAOTests" time="0.016">
    <error message="Unable to make JDBC Connection []" type="org.hibernate.HibernateException">org.hibernate.HibernateException: Unable to make JDBC Connection []
	at com.ex.ers.tests.RequestHistoryDAOTests.tearDown(RequestHistoryDAOTests.java:45)
</error>
  </testcase>
  <testcase name="shouldGetByDescription" classname="com.ex.ers.tests.RequestHistoryDAOTests" time="0.016">
    <error message="Unable to make JDBC Connection []" type="org.hibernate.HibernateException">org.hibernate.HibernateException: Unable to make JDBC Connection []
	at com.ex.ers.tests.RequestHistoryDAOTests.setup(RequestHistoryDAOTests.java:22)
</error>
    <system-err><![CDATA[Dec 28, 2020 6:46:20 PM org.hibernate.cfg.Configuration configure
INFO: HHH000043: Configuring from resource: /hibernate.cfg.xml
Dec 28, 2020 6:46:20 PM org.hibernate.cfg.Configuration getConfigurationInputStream
INFO: HHH000040: Configuration resource: /hibernate.cfg.xml
Dec 28, 2020 6:46:20 PM org.hibernate.cfg.Configuration doConfigure
INFO: HHH000041: Configured SessionFactory: null
Dec 28, 2020 6:46:20 PM org.hibernate.engine.jdbc.connections.internal.DriverManagerConnectionProviderImpl configure
WARN: HHH000402: Using Hibernate built-in connection pool (not for production use!)
Dec 28, 2020 6:46:20 PM org.hibernate.engine.jdbc.connections.internal.DriverManagerConnectionProviderImpl buildCreator
INFO: HHH000401: using driver [org.postgresql.Driver] at URL []
Dec 28, 2020 6:46:20 PM org.hibernate.engine.jdbc.connections.internal.DriverManagerConnectionProviderImpl buildCreator
INFO: HHH000046: Connection properties: {user=, password=****}
Dec 28, 2020 6:46:20 PM org.hibernate.engine.jdbc.connections.internal.DriverManagerConnectionProviderImpl buildCreator
INFO: HHH000006: Autocommit mode: false
Dec 28, 2020 6:46:20 PM org.hibernate.engine.jdbc.connections.internal.DriverManagerConnectionProviderImpl configure
INFO: HHH000115: Hibernate connection pool size: 20 (min=1)
Dec 28, 2020 6:46:20 PM org.hibernate.cfg.Configuration configure
INFO: HHH000043: Configuring from resource: /hibernate.cfg.xml
Dec 28, 2020 6:46:20 PM org.hibernate.cfg.Configuration getConfigurationInputStream
INFO: HHH000040: Configuration resource: /hibernate.cfg.xml
Dec 28, 2020 6:46:20 PM org.hibernate.cfg.Configuration doConfigure
INFO: HHH000041: Configured SessionFactory: null
Dec 28, 2020 6:46:20 PM org.hibernate.engine.jdbc.connections.internal.DriverManagerConnectionProviderImpl configure
WARN: HHH000402: Using Hibernate built-in connection pool (not for production use!)
Dec 28, 2020 6:46:20 PM org.hibernate.engine.jdbc.connections.internal.DriverManagerConnectionProviderImpl buildCreator
INFO: HHH000401: using driver [org.postgresql.Driver] at URL []
Dec 28, 2020 6:46:20 PM org.hibernate.engine.jdbc.connections.internal.DriverManagerConnectionProviderImpl buildCreator
INFO: HHH000046: Connection properties: {user=, password=****}
Dec 28, 2020 6:46:20 PM org.hibernate.engine.jdbc.connections.internal.DriverManagerConnectionProviderImpl buildCreator
INFO: HHH000006: Autocommit mode: false
Dec 28, 2020 6:46:20 PM org.hibernate.engine.jdbc.connections.internal.DriverManagerConnectionProviderImpl configure
INFO: HHH000115: Hibernate connection pool size: 20 (min=1)
]]></system-err>
  </testcase>
  <testcase name="shouldGetByDescription" classname="com.ex.ers.tests.RequestHistoryDAOTests" time="0.017">
    <error message="Unable to make JDBC Connection []" type="org.hibernate.HibernateException">org.hibernate.HibernateException: Unable to make JDBC Connection []
	at com.ex.ers.tests.RequestHistoryDAOTests.tearDown(RequestHistoryDAOTests.java:45)
</error>
  </testcase>
  <testcase name="shouldGetByID" classname="com.ex.ers.tests.RequestHistoryDAOTests" time="0.018">
    <error message="Unable to make JDBC Connection []" type="org.hibernate.HibernateException">org.hibernate.HibernateException: Unable to make JDBC Connection []
	at com.ex.ers.tests.RequestHistoryDAOTests.setup(RequestHistoryDAOTests.java:22)
</error>
    <system-err><![CDATA[Dec 28, 2020 6:46:20 PM org.hibernate.cfg.Configuration configure
INFO: HHH000043: Configuring from resource: /hibernate.cfg.xml
Dec 28, 2020 6:46:20 PM org.hibernate.cfg.Configuration getConfigurationInputStream
INFO: HHH000040: Configuration resource: /hibernate.cfg.xml
Dec 28, 2020 6:46:20 PM org.hibernate.cfg.Configuration doConfigure
INFO: HHH000041: Configured SessionFactory: null
Dec 28, 2020 6:46:20 PM org.hibernate.engine.jdbc.connections.internal.DriverManagerConnectionProviderImpl configure
WARN: HHH000402: Using Hibernate built-in connection pool (not for production use!)
Dec 28, 2020 6:46:20 PM org.hibernate.engine.jdbc.connections.internal.DriverManagerConnectionProviderImpl buildCreator
INFO: HHH000401: using driver [org.postgresql.Driver] at URL []
Dec 28, 2020 6:46:20 PM org.hibernate.engine.jdbc.connections.internal.DriverManagerConnectionProviderImpl buildCreator
INFO: HHH000046: Connection properties: {user=, password=****}
Dec 28, 2020 6:46:20 PM org.hibernate.engine.jdbc.connections.internal.DriverManagerConnectionProviderImpl buildCreator
INFO: HHH000006: Autocommit mode: false
Dec 28, 2020 6:46:20 PM org.hibernate.engine.jdbc.connections.internal.DriverManagerConnectionProviderImpl configure
INFO: HHH000115: Hibernate connection pool size: 20 (min=1)
Dec 28, 2020 6:46:20 PM org.hibernate.cfg.Configuration configure
INFO: HHH000043: Configuring from resource: /hibernate.cfg.xml
Dec 28, 2020 6:46:20 PM org.hibernate.cfg.Configuration getConfigurationInputStream
INFO: HHH000040: Configuration resource: /hibernate.cfg.xml
Dec 28, 2020 6:46:20 PM org.hibernate.cfg.Configuration doConfigure
INFO: HHH000041: Configured SessionFactory: null
Dec 28, 2020 6:46:20 PM org.hibernate.engine.jdbc.connections.internal.DriverManagerConnectionProviderImpl configure
WARN: HHH000402: Using Hibernate built-in connection pool (not for production use!)
Dec 28, 2020 6:46:20 PM org.hibernate.engine.jdbc.connections.internal.DriverManagerConnectionProviderImpl buildCreator
INFO: HHH000401: using driver [org.postgresql.Driver] at URL []
Dec 28, 2020 6:46:20 PM org.hibernate.engine.jdbc.connections.internal.DriverManagerConnectionProviderImpl buildCreator
INFO: HHH000046: Connection properties: {user=, password=****}
Dec 28, 2020 6:46:20 PM org.hibernate.engine.jdbc.connections.internal.DriverManagerConnectionProviderImpl buildCreator
INFO: HHH000006: Autocommit mode: false
Dec 28, 2020 6:46:20 PM org.hibernate.engine.jdbc.connections.internal.DriverManagerConnectionProviderImpl configure
INFO: HHH000115: Hibernate connection pool size: 20 (min=1)
]]></system-err>
  </testcase>
  <testcase name="shouldGetByID" classname="com.ex.ers.tests.RequestHistoryDAOTests" time="0.018">
    <error message="Unable to make JDBC Connection []" type="org.hibernate.HibernateException">org.hibernate.HibernateException: Unable to make JDBC Connection []
	at com.ex.ers.tests.RequestHistoryDAOTests.tearDown(RequestHistoryDAOTests.java:45)
</error>
  </testcase>
  <testcase name="shouldGetAllHistoryByRequest" classname="com.ex.ers.tests.RequestHistoryDAOTests" time="0.014">
    <error message="Unable to make JDBC Connection []" type="org.hibernate.HibernateException">org.hibernate.HibernateException: Unable to make JDBC Connection []
	at com.ex.ers.tests.RequestHistoryDAOTests.setup(RequestHistoryDAOTests.java:22)
</error>
    <system-err><![CDATA[Dec 28, 2020 6:46:20 PM org.hibernate.cfg.Configuration configure
INFO: HHH000043: Configuring from resource: /hibernate.cfg.xml
Dec 28, 2020 6:46:20 PM org.hibernate.cfg.Configuration getConfigurationInputStream
INFO: HHH000040: Configuration resource: /hibernate.cfg.xml
Dec 28, 2020 6:46:20 PM org.hibernate.cfg.Configuration doConfigure
INFO: HHH000041: Configured SessionFactory: null
Dec 28, 2020 6:46:20 PM org.hibernate.engine.jdbc.connections.internal.DriverManagerConnectionProviderImpl configure
WARN: HHH000402: Using Hibernate built-in connection pool (not for production use!)
Dec 28, 2020 6:46:20 PM org.hibernate.engine.jdbc.connections.internal.DriverManagerConnectionProviderImpl buildCreator
INFO: HHH000401: using driver [org.postgresql.Driver] at URL []
Dec 28, 2020 6:46:20 PM org.hibernate.engine.jdbc.connections.internal.DriverManagerConnectionProviderImpl buildCreator
INFO: HHH000046: Connection properties: {user=, password=****}
Dec 28, 2020 6:46:20 PM org.hibernate.engine.jdbc.connections.internal.DriverManagerConnectionProviderImpl buildCreator
INFO: HHH000006: Autocommit mode: false
Dec 28, 2020 6:46:20 PM org.hibernate.engine.jdbc.connections.internal.DriverManagerConnectionProviderImpl configure
INFO: HHH000115: Hibernate connection pool size: 20 (min=1)
Dec 28, 2020 6:46:20 PM org.hibernate.cfg.Configuration configure
INFO: HHH000043: Configuring from resource: /hibernate.cfg.xml
Dec 28, 2020 6:46:20 PM org.hibernate.cfg.Configuration getConfigurationInputStream
INFO: HHH000040: Configuration resource: /hibernate.cfg.xml
Dec 28, 2020 6:46:20 PM org.hibernate.cfg.Configuration doConfigure
INFO: HHH000041: Configured SessionFactory: null
Dec 28, 2020 6:46:20 PM org.hibernate.engine.jdbc.connections.internal.DriverManagerConnectionProviderImpl configure
WARN: HHH000402: Using Hibernate built-in connection pool (not for production use!)
Dec 28, 2020 6:46:20 PM org.hibernate.engine.jdbc.connections.internal.DriverManagerConnectionProviderImpl buildCreator
INFO: HHH000401: using driver [org.postgresql.Driver] at URL []
Dec 28, 2020 6:46:20 PM org.hibernate.engine.jdbc.connections.internal.DriverManagerConnectionProviderImpl buildCreator
INFO: HHH000046: Connection properties: {user=, password=****}
Dec 28, 2020 6:46:20 PM org.hibernate.engine.jdbc.connections.internal.DriverManagerConnectionProviderImpl buildCreator
INFO: HHH000006: Autocommit mode: false
Dec 28, 2020 6:46:20 PM org.hibernate.engine.jdbc.connections.internal.DriverManagerConnectionProviderImpl configure
INFO: HHH000115: Hibernate connection pool size: 20 (min=1)
]]></system-err>
  </testcase>
  <testcase name="shouldGetAllHistoryByRequest" classname="com.ex.ers.tests.RequestHistoryDAOTests" time="0.015">
    <error message="Unable to make JDBC Connection []" type="org.hibernate.HibernateException">org.hibernate.HibernateException: Unable to make JDBC Connection []
	at com.ex.ers.tests.RequestHistoryDAOTests.tearDown(RequestHistoryDAOTests.java:45)
</error>
  </testcase>
  <testcase name="shouldCreateHistory" classname="com.ex.ers.tests.RequestHistoryDAOTests" time="0.015">
    <error message="Unable to make JDBC Connection []" type="org.hibernate.HibernateException">org.hibernate.HibernateException: Unable to make JDBC Connection []
	at com.ex.ers.tests.RequestHistoryDAOTests.setup(RequestHistoryDAOTests.java:22)
</error>
    <system-err><![CDATA[Dec 28, 2020 6:46:20 PM org.hibernate.cfg.Configuration configure
INFO: HHH000043: Configuring from resource: /hibernate.cfg.xml
Dec 28, 2020 6:46:20 PM org.hibernate.cfg.Configuration getConfigurationInputStream
INFO: HHH000040: Configuration resource: /hibernate.cfg.xml
Dec 28, 2020 6:46:20 PM org.hibernate.cfg.Configuration doConfigure
INFO: HHH000041: Configured SessionFactory: null
Dec 28, 2020 6:46:20 PM org.hibernate.engine.jdbc.connections.internal.DriverManagerConnectionProviderImpl configure
WARN: HHH000402: Using Hibernate built-in connection pool (not for production use!)
Dec 28, 2020 6:46:20 PM org.hibernate.engine.jdbc.connections.internal.DriverManagerConnectionProviderImpl buildCreator
INFO: HHH000401: using driver [org.postgresql.Driver] at URL []
Dec 28, 2020 6:46:20 PM org.hibernate.engine.jdbc.connections.internal.DriverManagerConnectionProviderImpl buildCreator
INFO: HHH000046: Connection properties: {user=, password=****}
Dec 28, 2020 6:46:20 PM org.hibernate.engine.jdbc.connections.internal.DriverManagerConnectionProviderImpl buildCreator
INFO: HHH000006: Autocommit mode: false
Dec 28, 2020 6:46:20 PM org.hibernate.engine.jdbc.connections.internal.DriverManagerConnectionProviderImpl configure
INFO: HHH000115: Hibernate connection pool size: 20 (min=1)
Dec 28, 2020 6:46:20 PM org.hibernate.cfg.Configuration configure
INFO: HHH000043: Configuring from resource: /hibernate.cfg.xml
Dec 28, 2020 6:46:20 PM org.hibernate.cfg.Configuration getConfigurationInputStream
INFO: HHH000040: Configuration resource: /hibernate.cfg.xml
Dec 28, 2020 6:46:20 PM org.hibernate.cfg.Configuration doConfigure
INFO: HHH000041: Configured SessionFactory: null
Dec 28, 2020 6:46:20 PM org.hibernate.engine.jdbc.connections.internal.DriverManagerConnectionProviderImpl configure
WARN: HHH000402: Using Hibernate built-in connection pool (not for production use!)
Dec 28, 2020 6:46:20 PM org.hibernate.engine.jdbc.connections.internal.DriverManagerConnectionProviderImpl buildCreator
INFO: HHH000401: using driver [org.postgresql.Driver] at URL []
Dec 28, 2020 6:46:20 PM org.hibernate.engine.jdbc.connections.internal.DriverManagerConnectionProviderImpl buildCreator
INFO: HHH000046: Connection properties: {user=, password=****}
Dec 28, 2020 6:46:20 PM org.hibernate.engine.jdbc.connections.internal.DriverManagerConnectionProviderImpl buildCreator
INFO: HHH000006: Autocommit mode: false
Dec 28, 2020 6:46:20 PM org.hibernate.engine.jdbc.connections.internal.DriverManagerConnectionProviderImpl configure
INFO: HHH000115: Hibernate connection pool size: 20 (min=1)
]]></system-err>
  </testcase>
  <testcase name="shouldCreateHistory" classname="com.ex.ers.tests.RequestHistoryDAOTests" time="0.015">
    <error message="Unable to make JDBC Connection []" type="org.hibernate.HibernateException">org.hibernate.HibernateException: Unable to make JDBC Connection []
	at com.ex.ers.tests.RequestHistoryDAOTests.tearDown(RequestHistoryDAOTests.java:45)
</error>
  </testcase>
</testsuite>